
SQL*Loader: Release 11.2.0.2.0 - Production on Mon May 8 12:53:53 2023

Copyright (c) 1982, 2009, Oracle and/or its affiliates.  All rights reserved.

Control File:   D:/hr_system/frontend/HRBackend/sql/at_emp_time.ctl
Data File:      D:\hr_system\frontend\HRBackend\sql\attend.csv
  Bad File:     D:\hr_system\frontend\HRBackend\sql\attend.bad
  Discard File:  none specified
 
 (Allow all discards)

Number to load: ALL
Number to skip: 1
Errors allowed: 50
Bind array:     64 rows, maximum of 256000 bytes
Continuation:    none specified
Path used:      Conventional

Table AT_EMP_TIME, loaded from every logical record.
Insert option in effect for this table: APPEND

   Column Name                  Position   Len  Term Encl Datatype
------------------------------ ---------- ----- ---- ---- ---------------------
CARD_ID                             FIRST     *   ,       CHARACTER            
EMP_NAME                             NEXT     *   ,       CHARACTER            
DATE_DAY                             NEXT     *   ,       CHARACTER            
    SQL string for column : "to_date(:date_day,'DD/MM/RRRR')"
CLOCK_IN                             NEXT     *   ,       CHARACTER            
CLOCK_OUT                            NEXT     *   ,       CHARACTER            
LATE                                 NEXT     *   ,       CHARACTER            
EARLY                                NEXT     *   ,       CHARACTER            
ABSENT_FLAG                          NEXT     *   ,       CHARACTER            
REMARKS                              NEXT     *   ,       CHARACTER            

Record 3037: Discarded - all columns null.

Table AT_EMP_TIME:
  3036 Rows successfully loaded.
  0 Rows not loaded due to data errors.
  0 Rows not loaded because all WHEN clauses were failed.
  1 Row not loaded because all fields were null.


Space allocated for bind array:                 148608 bytes(64 rows)
Read   buffer bytes: 1048576

Total logical records skipped:          1
Total logical records read:          3037
Total logical records rejected:         0
Total logical records discarded:        1

Run began on Mon May 08 12:53:53 2023
Run ended on Mon May 08 12:53:53 2023

Elapsed time was:     00:00:00.11
CPU time was:         00:00:00.04
